

Started GET "/users" for ::1 at 2017-09-29 20:48:21 +0200

ActionController::RoutingError (No route matches [GET] "/users"):
  actionpack (4.2.0) lib/action_dispatch/middleware/debug_exceptions.rb:21:in `call'
  web-console (2.3.0) lib/web_console/middleware.rb:28:in `block in call'
  web-console (2.3.0) lib/web_console/middleware.rb:18:in `catch'
  web-console (2.3.0) lib/web_console/middleware.rb:18:in `call'
  actionpack (4.2.0) lib/action_dispatch/middleware/show_exceptions.rb:30:in `call'
  railties (4.2.0) lib/rails/rack/logger.rb:38:in `call_app'
  railties (4.2.0) lib/rails/rack/logger.rb:20:in `block in call'
  activesupport (4.2.0) lib/active_support/tagged_logging.rb:68:in `block in tagged'
  activesupport (4.2.0) lib/active_support/tagged_logging.rb:26:in `tagged'
  activesupport (4.2.0) lib/active_support/tagged_logging.rb:68:in `tagged'
  railties (4.2.0) lib/rails/rack/logger.rb:20:in `call'
  actionpack (4.2.0) lib/action_dispatch/middleware/request_id.rb:21:in `call'
  rack (1.6.8) lib/rack/methodoverride.rb:22:in `call'
  rack (1.6.8) lib/rack/runtime.rb:18:in `call'
  activesupport (4.2.0) lib/active_support/cache/strategy/local_cache_middleware.rb:28:in `call'
  rack (1.6.8) lib/rack/lock.rb:17:in `call'
  actionpack (4.2.0) lib/action_dispatch/middleware/static.rb:113:in `call'
  rack (1.6.8) lib/rack/sendfile.rb:113:in `call'
  railties (4.2.0) lib/rails/engine.rb:518:in `call'
  railties (4.2.0) lib/rails/application.rb:164:in `call'
  rack (1.6.8) lib/rack/lock.rb:17:in `call'
  rack (1.6.8) lib/rack/content_length.rb:15:in `call'
  rack (1.6.8) lib/rack/handler/webrick.rb:88:in `service'
  /Users/santa/.rvm/rubies/ruby-2.3.3-Ruby/lib/ruby/2.3.0/webrick/httpserver.rb:140:in `service'
  /Users/santa/.rvm/rubies/ruby-2.3.3-Ruby/lib/ruby/2.3.0/webrick/httpserver.rb:96:in `run'
  /Users/santa/.rvm/rubies/ruby-2.3.3-Ruby/lib/ruby/2.3.0/webrick/server.rb:296:in `block in start_thread'


  Rendered /Users/santa/.rvm/gems/ruby-2.3.3-Ruby/gems/actionpack-4.2.0/lib/action_dispatch/middleware/templates/rescues/_trace.html.erb (1.0ms)
  Rendered /Users/santa/.rvm/gems/ruby-2.3.3-Ruby/gems/actionpack-4.2.0/lib/action_dispatch/middleware/templates/routes/_table.html.erb (8.1ms)
  Rendered /Users/santa/.rvm/gems/ruby-2.3.3-Ruby/gems/actionpack-4.2.0/lib/action_dispatch/middleware/templates/rescues/_request_and_response.html.erb (11.2ms)
  Rendered /Users/santa/.rvm/gems/ruby-2.3.3-Ruby/gems/actionpack-4.2.0/lib/action_dispatch/middleware/templates/rescues/routing_error.html.erb within rescues/layout (64.6ms)
  Rendered /Users/santa/.rvm/gems/ruby-2.3.3-Ruby/gems/web-console-2.3.0/lib/web_console/templates/_markup.html.erb (0.3ms)
  Rendered /Users/santa/.rvm/gems/ruby-2.3.3-Ruby/gems/web-console-2.3.0/lib/web_console/templates/_inner_console_markup.html.erb within layouts/inlined_string (0.3ms)
  Rendered /Users/santa/.rvm/gems/ruby-2.3.3-Ruby/gems/web-console-2.3.0/lib/web_console/templates/_prompt_box_markup.html.erb within layouts/inlined_string (0.3ms)
  Rendered /Users/santa/.rvm/gems/ruby-2.3.3-Ruby/gems/web-console-2.3.0/lib/web_console/templates/style.css.erb within layouts/inlined_string (0.3ms)
  Rendered /Users/santa/.rvm/gems/ruby-2.3.3-Ruby/gems/web-console-2.3.0/lib/web_console/templates/console.js.erb within layouts/javascript (44.1ms)
  Rendered /Users/santa/.rvm/gems/ruby-2.3.3-Ruby/gems/web-console-2.3.0/lib/web_console/templates/main.js.erb within layouts/javascript (0.4ms)
  Rendered /Users/santa/.rvm/gems/ruby-2.3.3-Ruby/gems/web-console-2.3.0/lib/web_console/templates/error_page.js.erb within layouts/javascript (0.3ms)
  Rendered /Users/santa/.rvm/gems/ruby-2.3.3-Ruby/gems/web-console-2.3.0/lib/web_console/templates/index.html.erb (97.9ms)


Started GET "/" for ::1 at 2017-09-29 20:48:25 +0200
Processing by Rails::WelcomeController#index as HTML
  Rendered /Users/santa/.rvm/gems/ruby-2.3.3-Ruby/gems/railties-4.2.0/lib/rails/templates/rails/welcome/index.html.erb (0.7ms)
Completed 200 OK in 5ms (Views: 4.4ms | ActiveRecord: 0.0ms)


Started GET "/users" for ::1 at 2017-09-29 20:50:29 +0200

ActionController::RoutingError (No route matches [GET] "/users"):
  actionpack (4.2.0) lib/action_dispatch/middleware/debug_exceptions.rb:21:in `call'
  web-console (2.3.0) lib/web_console/middleware.rb:28:in `block in call'
  web-console (2.3.0) lib/web_console/middleware.rb:18:in `catch'
  web-console (2.3.0) lib/web_console/middleware.rb:18:in `call'
  actionpack (4.2.0) lib/action_dispatch/middleware/show_exceptions.rb:30:in `call'
  railties (4.2.0) lib/rails/rack/logger.rb:38:in `call_app'
  railties (4.2.0) lib/rails/rack/logger.rb:20:in `block in call'
  activesupport (4.2.0) lib/active_support/tagged_logging.rb:68:in `block in tagged'
  activesupport (4.2.0) lib/active_support/tagged_logging.rb:26:in `tagged'
  activesupport (4.2.0) lib/active_support/tagged_logging.rb:68:in `tagged'
  railties (4.2.0) lib/rails/rack/logger.rb:20:in `call'
  actionpack (4.2.0) lib/action_dispatch/middleware/request_id.rb:21:in `call'
  rack (1.6.8) lib/rack/methodoverride.rb:22:in `call'
  rack (1.6.8) lib/rack/runtime.rb:18:in `call'
  activesupport (4.2.0) lib/active_support/cache/strategy/local_cache_middleware.rb:28:in `call'
  rack (1.6.8) lib/rack/lock.rb:17:in `call'
  actionpack (4.2.0) lib/action_dispatch/middleware/static.rb:113:in `call'
  rack (1.6.8) lib/rack/sendfile.rb:113:in `call'
  railties (4.2.0) lib/rails/engine.rb:518:in `call'
  railties (4.2.0) lib/rails/application.rb:164:in `call'
  rack (1.6.8) lib/rack/lock.rb:17:in `call'
  rack (1.6.8) lib/rack/content_length.rb:15:in `call'
  rack (1.6.8) lib/rack/handler/webrick.rb:88:in `service'
  /Users/santa/.rvm/rubies/ruby-2.3.3-Ruby/lib/ruby/2.3.0/webrick/httpserver.rb:140:in `service'
  /Users/santa/.rvm/rubies/ruby-2.3.3-Ruby/lib/ruby/2.3.0/webrick/httpserver.rb:96:in `run'
  /Users/santa/.rvm/rubies/ruby-2.3.3-Ruby/lib/ruby/2.3.0/webrick/server.rb:296:in `block in start_thread'


  Rendered /Users/santa/.rvm/gems/ruby-2.3.3-Ruby/gems/actionpack-4.2.0/lib/action_dispatch/middleware/templates/rescues/_trace.html.erb (1.0ms)
  Rendered /Users/santa/.rvm/gems/ruby-2.3.3-Ruby/gems/actionpack-4.2.0/lib/action_dispatch/middleware/templates/routes/_table.html.erb (0.9ms)
  Rendered /Users/santa/.rvm/gems/ruby-2.3.3-Ruby/gems/actionpack-4.2.0/lib/action_dispatch/middleware/templates/rescues/_request_and_response.html.erb (0.7ms)
  Rendered /Users/santa/.rvm/gems/ruby-2.3.3-Ruby/gems/actionpack-4.2.0/lib/action_dispatch/middleware/templates/rescues/routing_error.html.erb within rescues/layout (38.9ms)
  Rendered /Users/santa/.rvm/gems/ruby-2.3.3-Ruby/gems/web-console-2.3.0/lib/web_console/templates/_markup.html.erb (0.4ms)
  Rendered /Users/santa/.rvm/gems/ruby-2.3.3-Ruby/gems/web-console-2.3.0/lib/web_console/templates/_inner_console_markup.html.erb within layouts/inlined_string (0.2ms)
  Rendered /Users/santa/.rvm/gems/ruby-2.3.3-Ruby/gems/web-console-2.3.0/lib/web_console/templates/_prompt_box_markup.html.erb within layouts/inlined_string (0.2ms)
  Rendered /Users/santa/.rvm/gems/ruby-2.3.3-Ruby/gems/web-console-2.3.0/lib/web_console/templates/style.css.erb within layouts/inlined_string (0.3ms)
  Rendered /Users/santa/.rvm/gems/ruby-2.3.3-Ruby/gems/web-console-2.3.0/lib/web_console/templates/console.js.erb within layouts/javascript (34.2ms)
  Rendered /Users/santa/.rvm/gems/ruby-2.3.3-Ruby/gems/web-console-2.3.0/lib/web_console/templates/main.js.erb within layouts/javascript (0.2ms)
  Rendered /Users/santa/.rvm/gems/ruby-2.3.3-Ruby/gems/web-console-2.3.0/lib/web_console/templates/error_page.js.erb within layouts/javascript (0.2ms)
  Rendered /Users/santa/.rvm/gems/ruby-2.3.3-Ruby/gems/web-console-2.3.0/lib/web_console/templates/index.html.erb (78.8ms)


Started GET "/home" for ::1 at 2017-09-29 21:19:11 +0200

ActionController::RoutingError (No route matches [GET] "/home"):
  actionpack (4.2.0) lib/action_dispatch/middleware/debug_exceptions.rb:21:in `call'
  web-console (2.3.0) lib/web_console/middleware.rb:28:in `block in call'
  web-console (2.3.0) lib/web_console/middleware.rb:18:in `catch'
  web-console (2.3.0) lib/web_console/middleware.rb:18:in `call'
  actionpack (4.2.0) lib/action_dispatch/middleware/show_exceptions.rb:30:in `call'
  railties (4.2.0) lib/rails/rack/logger.rb:38:in `call_app'
  railties (4.2.0) lib/rails/rack/logger.rb:20:in `block in call'
  activesupport (4.2.0) lib/active_support/tagged_logging.rb:68:in `block in tagged'
  activesupport (4.2.0) lib/active_support/tagged_logging.rb:26:in `tagged'
  activesupport (4.2.0) lib/active_support/tagged_logging.rb:68:in `tagged'
  railties (4.2.0) lib/rails/rack/logger.rb:20:in `call'
  actionpack (4.2.0) lib/action_dispatch/middleware/request_id.rb:21:in `call'
  rack (1.6.8) lib/rack/methodoverride.rb:22:in `call'
  rack (1.6.8) lib/rack/runtime.rb:18:in `call'
  activesupport (4.2.0) lib/active_support/cache/strategy/local_cache_middleware.rb:28:in `call'
  rack (1.6.8) lib/rack/lock.rb:17:in `call'
  actionpack (4.2.0) lib/action_dispatch/middleware/static.rb:113:in `call'
  rack (1.6.8) lib/rack/sendfile.rb:113:in `call'
  railties (4.2.0) lib/rails/engine.rb:518:in `call'
  railties (4.2.0) lib/rails/application.rb:164:in `call'
  rack (1.6.8) lib/rack/lock.rb:17:in `call'
  rack (1.6.8) lib/rack/content_length.rb:15:in `call'
  rack (1.6.8) lib/rack/handler/webrick.rb:88:in `service'
  /Users/santa/.rvm/rubies/ruby-2.3.3-Ruby/lib/ruby/2.3.0/webrick/httpserver.rb:140:in `service'
  /Users/santa/.rvm/rubies/ruby-2.3.3-Ruby/lib/ruby/2.3.0/webrick/httpserver.rb:96:in `run'
  /Users/santa/.rvm/rubies/ruby-2.3.3-Ruby/lib/ruby/2.3.0/webrick/server.rb:296:in `block in start_thread'


  Rendered /Users/santa/.rvm/gems/ruby-2.3.3-Ruby/gems/actionpack-4.2.0/lib/action_dispatch/middleware/templates/rescues/_trace.html.erb (0.9ms)
  Rendered /Users/santa/.rvm/gems/ruby-2.3.3-Ruby/gems/actionpack-4.2.0/lib/action_dispatch/middleware/templates/routes/_route.html.erb (0.9ms)
  Rendered /Users/santa/.rvm/gems/ruby-2.3.3-Ruby/gems/actionpack-4.2.0/lib/action_dispatch/middleware/templates/routes/_table.html.erb (0.8ms)
  Rendered /Users/santa/.rvm/gems/ruby-2.3.3-Ruby/gems/actionpack-4.2.0/lib/action_dispatch/middleware/templates/rescues/_request_and_response.html.erb (0.7ms)
  Rendered /Users/santa/.rvm/gems/ruby-2.3.3-Ruby/gems/actionpack-4.2.0/lib/action_dispatch/middleware/templates/rescues/routing_error.html.erb within rescues/layout (59.3ms)
  Rendered /Users/santa/.rvm/gems/ruby-2.3.3-Ruby/gems/web-console-2.3.0/lib/web_console/templates/_markup.html.erb (0.2ms)
  Rendered /Users/santa/.rvm/gems/ruby-2.3.3-Ruby/gems/web-console-2.3.0/lib/web_console/templates/_inner_console_markup.html.erb within layouts/inlined_string (0.3ms)
  Rendered /Users/santa/.rvm/gems/ruby-2.3.3-Ruby/gems/web-console-2.3.0/lib/web_console/templates/_prompt_box_markup.html.erb within layouts/inlined_string (0.2ms)
  Rendered /Users/santa/.rvm/gems/ruby-2.3.3-Ruby/gems/web-console-2.3.0/lib/web_console/templates/style.css.erb within layouts/inlined_string (0.2ms)
  Rendered /Users/santa/.rvm/gems/ruby-2.3.3-Ruby/gems/web-console-2.3.0/lib/web_console/templates/console.js.erb within layouts/javascript (36.8ms)
  Rendered /Users/santa/.rvm/gems/ruby-2.3.3-Ruby/gems/web-console-2.3.0/lib/web_console/templates/main.js.erb within layouts/javascript (0.2ms)
  Rendered /Users/santa/.rvm/gems/ruby-2.3.3-Ruby/gems/web-console-2.3.0/lib/web_console/templates/error_page.js.erb within layouts/javascript (0.3ms)
  Rendered /Users/santa/.rvm/gems/ruby-2.3.3-Ruby/gems/web-console-2.3.0/lib/web_console/templates/index.html.erb (78.5ms)


Started GET "/static_pages" for ::1 at 2017-09-29 21:19:33 +0200

ActionController::RoutingError (No route matches [GET] "/static_pages"):
  actionpack (4.2.0) lib/action_dispatch/middleware/debug_exceptions.rb:21:in `call'
  web-console (2.3.0) lib/web_console/middleware.rb:28:in `block in call'
  web-console (2.3.0) lib/web_console/middleware.rb:18:in `catch'
  web-console (2.3.0) lib/web_console/middleware.rb:18:in `call'
  actionpack (4.2.0) lib/action_dispatch/middleware/show_exceptions.rb:30:in `call'
  railties (4.2.0) lib/rails/rack/logger.rb:38:in `call_app'
  railties (4.2.0) lib/rails/rack/logger.rb:20:in `block in call'
  activesupport (4.2.0) lib/active_support/tagged_logging.rb:68:in `block in tagged'
  activesupport (4.2.0) lib/active_support/tagged_logging.rb:26:in `tagged'
  activesupport (4.2.0) lib/active_support/tagged_logging.rb:68:in `tagged'
  railties (4.2.0) lib/rails/rack/logger.rb:20:in `call'
  actionpack (4.2.0) lib/action_dispatch/middleware/request_id.rb:21:in `call'
  rack (1.6.8) lib/rack/methodoverride.rb:22:in `call'
  rack (1.6.8) lib/rack/runtime.rb:18:in `call'
  activesupport (4.2.0) lib/active_support/cache/strategy/local_cache_middleware.rb:28:in `call'
  rack (1.6.8) lib/rack/lock.rb:17:in `call'
  actionpack (4.2.0) lib/action_dispatch/middleware/static.rb:113:in `call'
  rack (1.6.8) lib/rack/sendfile.rb:113:in `call'
  railties (4.2.0) lib/rails/engine.rb:518:in `call'
  railties (4.2.0) lib/rails/application.rb:164:in `call'
  rack (1.6.8) lib/rack/lock.rb:17:in `call'
  rack (1.6.8) lib/rack/content_length.rb:15:in `call'
  rack (1.6.8) lib/rack/handler/webrick.rb:88:in `service'
  /Users/santa/.rvm/rubies/ruby-2.3.3-Ruby/lib/ruby/2.3.0/webrick/httpserver.rb:140:in `service'
  /Users/santa/.rvm/rubies/ruby-2.3.3-Ruby/lib/ruby/2.3.0/webrick/httpserver.rb:96:in `run'
  /Users/santa/.rvm/rubies/ruby-2.3.3-Ruby/lib/ruby/2.3.0/webrick/server.rb:296:in `block in start_thread'


  Rendered /Users/santa/.rvm/gems/ruby-2.3.3-Ruby/gems/actionpack-4.2.0/lib/action_dispatch/middleware/templates/rescues/_trace.html.erb (1.0ms)
  Rendered /Users/santa/.rvm/gems/ruby-2.3.3-Ruby/gems/actionpack-4.2.0/lib/action_dispatch/middleware/templates/routes/_route.html.erb (0.5ms)
  Rendered /Users/santa/.rvm/gems/ruby-2.3.3-Ruby/gems/actionpack-4.2.0/lib/action_dispatch/middleware/templates/routes/_table.html.erb (1.0ms)
  Rendered /Users/santa/.rvm/gems/ruby-2.3.3-Ruby/gems/actionpack-4.2.0/lib/action_dispatch/middleware/templates/rescues/_request_and_response.html.erb (0.7ms)
  Rendered /Users/santa/.rvm/gems/ruby-2.3.3-Ruby/gems/actionpack-4.2.0/lib/action_dispatch/middleware/templates/rescues/routing_error.html.erb within rescues/layout (54.0ms)
  Rendered /Users/santa/.rvm/gems/ruby-2.3.3-Ruby/gems/web-console-2.3.0/lib/web_console/templates/_markup.html.erb (0.2ms)
  Rendered /Users/santa/.rvm/gems/ruby-2.3.3-Ruby/gems/web-console-2.3.0/lib/web_console/templates/_inner_console_markup.html.erb within layouts/inlined_string (0.2ms)
  Rendered /Users/santa/.rvm/gems/ruby-2.3.3-Ruby/gems/web-console-2.3.0/lib/web_console/templates/_prompt_box_markup.html.erb within layouts/inlined_string (0.2ms)
  Rendered /Users/santa/.rvm/gems/ruby-2.3.3-Ruby/gems/web-console-2.3.0/lib/web_console/templates/style.css.erb within layouts/inlined_string (0.2ms)
  Rendered /Users/santa/.rvm/gems/ruby-2.3.3-Ruby/gems/web-console-2.3.0/lib/web_console/templates/console.js.erb within layouts/javascript (32.7ms)
  Rendered /Users/santa/.rvm/gems/ruby-2.3.3-Ruby/gems/web-console-2.3.0/lib/web_console/templates/main.js.erb within layouts/javascript (0.2ms)
  Rendered /Users/santa/.rvm/gems/ruby-2.3.3-Ruby/gems/web-console-2.3.0/lib/web_console/templates/error_page.js.erb within layouts/javascript (0.2ms)
  Rendered /Users/santa/.rvm/gems/ruby-2.3.3-Ruby/gems/web-console-2.3.0/lib/web_console/templates/index.html.erb (75.8ms)


Started GET "/static_pages/home" for ::1 at 2017-09-29 21:19:38 +0200
Processing by StaticPagesController#home as HTML
Completed 500 Internal Server Error in 3ms

ActionView::MissingTemplate (Missing template static_pages/home, application/home with {:locale=>[:en], :formats=>[:html], :variants=>[], :handlers=>[:erb, :builder, :raw, :ruby, :coffee, :jbuilder]}. Searched in:
  * "/Users/santa/tutorialror/sample_app/app/views"
):
  actionview (4.2.0) lib/action_view/path_set.rb:46:in `find'
  actionview (4.2.0) lib/action_view/lookup_context.rb:121:in `find'
  actionview (4.2.0) lib/action_view/renderer/abstract_renderer.rb:18:in `find_template'
  actionview (4.2.0) lib/action_view/renderer/template_renderer.rb:40:in `determine_template'
  actionview (4.2.0) lib/action_view/renderer/template_renderer.rb:8:in `render'
  actionview (4.2.0) lib/action_view/renderer/renderer.rb:42:in `render_template'
  actionview (4.2.0) lib/action_view/renderer/renderer.rb:23:in `render'
  actionview (4.2.0) lib/action_view/rendering.rb:100:in `_render_template'
  actionpack (4.2.0) lib/action_controller/metal/streaming.rb:217:in `_render_template'
  actionview (4.2.0) lib/action_view/rendering.rb:83:in `render_to_body'
  actionpack (4.2.0) lib/action_controller/metal/rendering.rb:32:in `render_to_body'
  actionpack (4.2.0) lib/action_controller/metal/renderers.rb:37:in `render_to_body'
  actionpack (4.2.0) lib/abstract_controller/rendering.rb:25:in `render'
  actionpack (4.2.0) lib/action_controller/metal/rendering.rb:16:in `render'
  actionpack (4.2.0) lib/action_controller/metal/instrumentation.rb:41:in `block (2 levels) in render'
  activesupport (4.2.0) lib/active_support/core_ext/benchmark.rb:12:in `block in ms'
  /Users/santa/.rvm/rubies/ruby-2.3.3-Ruby/lib/ruby/2.3.0/benchmark.rb:308:in `realtime'
  activesupport (4.2.0) lib/active_support/core_ext/benchmark.rb:12:in `ms'
  actionpack (4.2.0) lib/action_controller/metal/instrumentation.rb:41:in `block in render'
  actionpack (4.2.0) lib/action_controller/metal/instrumentation.rb:84:in `cleanup_view_runtime'
  activerecord (4.2.0) lib/active_record/railties/controller_runtime.rb:25:in `cleanup_view_runtime'
  actionpack (4.2.0) lib/action_controller/metal/instrumentation.rb:40:in `render'
  actionpack (4.2.0) lib/action_controller/metal/implicit_render.rb:10:in `default_render'
  actionpack (4.2.0) lib/action_controller/metal/implicit_render.rb:5:in `send_action'
  actionpack (4.2.0) lib/abstract_controller/base.rb:198:in `process_action'
  actionpack (4.2.0) lib/action_controller/metal/rendering.rb:10:in `process_action'
  actionpack (4.2.0) lib/abstract_controller/callbacks.rb:20:in `block in process_action'
  activesupport (4.2.0) lib/active_support/callbacks.rb:117:in `call'
  activesupport (4.2.0) lib/active_support/callbacks.rb:234:in `block in halting'
  activesupport (4.2.0) lib/active_support/callbacks.rb:169:in `block in halting'
  activesupport (4.2.0) lib/active_support/callbacks.rb:169:in `block in halting'
  activesupport (4.2.0) lib/active_support/callbacks.rb:92:in `_run_callbacks'
  activesupport (4.2.0) lib/active_support/callbacks.rb:734:in `_run_process_action_callbacks'
  activesupport (4.2.0) lib/active_support/callbacks.rb:81:in `run_callbacks'
  actionpack (4.2.0) lib/abstract_controller/callbacks.rb:19:in `process_action'
  actionpack (4.2.0) lib/action_controller/metal/rescue.rb:29:in `process_action'
  actionpack (4.2.0) lib/action_controller/metal/instrumentation.rb:31:in `block in process_action'
  activesupport (4.2.0) lib/active_support/notifications.rb:164:in `block in instrument'
  activesupport (4.2.0) lib/active_support/notifications/instrumenter.rb:20:in `instrument'
  activesupport (4.2.0) lib/active_support/notifications.rb:164:in `instrument'
  actionpack (4.2.0) lib/action_controller/metal/instrumentation.rb:30:in `process_action'
  actionpack (4.2.0) lib/action_controller/metal/params_wrapper.rb:250:in `process_action'
  activerecord (4.2.0) lib/active_record/railties/controller_runtime.rb:18:in `process_action'
  actionpack (4.2.0) lib/abstract_controller/base.rb:137:in `process'
  actionview (4.2.0) lib/action_view/rendering.rb:30:in `process'
  actionpack (4.2.0) lib/action_controller/metal.rb:195:in `dispatch'
  actionpack (4.2.0) lib/action_controller/metal/rack_delegation.rb:13:in `dispatch'
  actionpack (4.2.0) lib/action_controller/metal.rb:236:in `block in action'
  actionpack (4.2.0) lib/action_dispatch/routing/route_set.rb:73:in `dispatch'
  actionpack (4.2.0) lib/action_dispatch/routing/route_set.rb:42:in `serve'
  actionpack (4.2.0) lib/action_dispatch/journey/router.rb:43:in `block in serve'
  actionpack (4.2.0) lib/action_dispatch/journey/router.rb:30:in `each'
  actionpack (4.2.0) lib/action_dispatch/journey/router.rb:30:in `serve'
  actionpack (4.2.0) lib/action_dispatch/routing/route_set.rb:802:in `call'
  rack (1.6.8) lib/rack/etag.rb:24:in `call'
  rack (1.6.8) lib/rack/conditionalget.rb:25:in `call'
  rack (1.6.8) lib/rack/head.rb:13:in `call'
  actionpack (4.2.0) lib/action_dispatch/middleware/params_parser.rb:27:in `call'
  actionpack (4.2.0) lib/action_dispatch/middleware/flash.rb:260:in `call'
  rack (1.6.8) lib/rack/session/abstract/id.rb:225:in `context'
  rack (1.6.8) lib/rack/session/abstract/id.rb:220:in `call'
  actionpack (4.2.0) lib/action_dispatch/middleware/cookies.rb:560:in `call'
  activerecord (4.2.0) lib/active_record/query_cache.rb:36:in `call'
  activerecord (4.2.0) lib/active_record/connection_adapters/abstract/connection_pool.rb:647:in `call'
  activerecord (4.2.0) lib/active_record/migration.rb:378:in `call'
  actionpack (4.2.0) lib/action_dispatch/middleware/callbacks.rb:29:in `block in call'
  activesupport (4.2.0) lib/active_support/callbacks.rb:88:in `_run_callbacks'
  activesupport (4.2.0) lib/active_support/callbacks.rb:734:in `_run_call_callbacks'
  activesupport (4.2.0) lib/active_support/callbacks.rb:81:in `run_callbacks'
  actionpack (4.2.0) lib/action_dispatch/middleware/callbacks.rb:27:in `call'
  actionpack (4.2.0) lib/action_dispatch/middleware/reloader.rb:73:in `call'
  actionpack (4.2.0) lib/action_dispatch/middleware/remote_ip.rb:78:in `call'
  actionpack (4.2.0) lib/action_dispatch/middleware/debug_exceptions.rb:17:in `call'
  web-console (2.3.0) lib/web_console/middleware.rb:28:in `block in call'
  web-console (2.3.0) lib/web_console/middleware.rb:18:in `catch'
  web-console (2.3.0) lib/web_console/middleware.rb:18:in `call'
  actionpack (4.2.0) lib/action_dispatch/middleware/show_exceptions.rb:30:in `call'
  railties (4.2.0) lib/rails/rack/logger.rb:38:in `call_app'
  railties (4.2.0) lib/rails/rack/logger.rb:20:in `block in call'
  activesupport (4.2.0) lib/active_support/tagged_logging.rb:68:in `block in tagged'
  activesupport (4.2.0) lib/active_support/tagged_logging.rb:26:in `tagged'
  activesupport (4.2.0) lib/active_support/tagged_logging.rb:68:in `tagged'
  railties (4.2.0) lib/rails/rack/logger.rb:20:in `call'
  actionpack (4.2.0) lib/action_dispatch/middleware/request_id.rb:21:in `call'
  rack (1.6.8) lib/rack/methodoverride.rb:22:in `call'
  rack (1.6.8) lib/rack/runtime.rb:18:in `call'
  activesupport (4.2.0) lib/active_support/cache/strategy/local_cache_middleware.rb:28:in `call'
  rack (1.6.8) lib/rack/lock.rb:17:in `call'
  actionpack (4.2.0) lib/action_dispatch/middleware/static.rb:113:in `call'
  rack (1.6.8) lib/rack/sendfile.rb:113:in `call'
  railties (4.2.0) lib/rails/engine.rb:518:in `call'
  railties (4.2.0) lib/rails/application.rb:164:in `call'
  rack (1.6.8) lib/rack/lock.rb:17:in `call'
  rack (1.6.8) lib/rack/content_length.rb:15:in `call'
  rack (1.6.8) lib/rack/handler/webrick.rb:88:in `service'
  /Users/santa/.rvm/rubies/ruby-2.3.3-Ruby/lib/ruby/2.3.0/webrick/httpserver.rb:140:in `service'
  /Users/santa/.rvm/rubies/ruby-2.3.3-Ruby/lib/ruby/2.3.0/webrick/httpserver.rb:96:in `run'
  /Users/santa/.rvm/rubies/ruby-2.3.3-Ruby/lib/ruby/2.3.0/webrick/server.rb:296:in `block in start_thread'


  Rendered /Users/santa/.rvm/gems/ruby-2.3.3-Ruby/gems/actionpack-4.2.0/lib/action_dispatch/middleware/templates/rescues/_source.erb (4.0ms)
  Rendered /Users/santa/.rvm/gems/ruby-2.3.3-Ruby/gems/actionpack-4.2.0/lib/action_dispatch/middleware/templates/rescues/_trace.html.erb (1.7ms)
  Rendered /Users/santa/.rvm/gems/ruby-2.3.3-Ruby/gems/actionpack-4.2.0/lib/action_dispatch/middleware/templates/rescues/_request_and_response.html.erb (0.5ms)
  Rendered /Users/santa/.rvm/gems/ruby-2.3.3-Ruby/gems/actionpack-4.2.0/lib/action_dispatch/middleware/templates/rescues/missing_template.html.erb within rescues/layout (44.6ms)
  Rendered /Users/santa/.rvm/gems/ruby-2.3.3-Ruby/gems/web-console-2.3.0/lib/web_console/templates/_markup.html.erb (0.3ms)
  Rendered /Users/santa/.rvm/gems/ruby-2.3.3-Ruby/gems/web-console-2.3.0/lib/web_console/templates/_inner_console_markup.html.erb within layouts/inlined_string (0.2ms)
  Rendered /Users/santa/.rvm/gems/ruby-2.3.3-Ruby/gems/web-console-2.3.0/lib/web_console/templates/_prompt_box_markup.html.erb within layouts/inlined_string (0.2ms)
  Rendered /Users/santa/.rvm/gems/ruby-2.3.3-Ruby/gems/web-console-2.3.0/lib/web_console/templates/style.css.erb within layouts/inlined_string (0.2ms)
  Rendered /Users/santa/.rvm/gems/ruby-2.3.3-Ruby/gems/web-console-2.3.0/lib/web_console/templates/console.js.erb within layouts/javascript (33.6ms)
  Rendered /Users/santa/.rvm/gems/ruby-2.3.3-Ruby/gems/web-console-2.3.0/lib/web_console/templates/main.js.erb within layouts/javascript (0.2ms)
  Rendered /Users/santa/.rvm/gems/ruby-2.3.3-Ruby/gems/web-console-2.3.0/lib/web_console/templates/error_page.js.erb within layouts/javascript (0.3ms)
  Rendered /Users/santa/.rvm/gems/ruby-2.3.3-Ruby/gems/web-console-2.3.0/lib/web_console/templates/index.html.erb (77.0ms)


Started GET "/" for ::1 at 2017-09-29 21:27:25 +0200
Processing by Rails::WelcomeController#index as HTML
  Rendered /Users/santa/.rvm/gems/ruby-2.3.3-Ruby/gems/railties-4.2.0/lib/rails/templates/rails/welcome/index.html.erb (1.1ms)
Completed 200 OK in 12ms (Views: 5.9ms | ActiveRecord: 0.0ms)


Started GET "/static_pages/" for ::1 at 2017-09-29 21:27:35 +0200

ActionController::RoutingError (No route matches [GET] "/static_pages"):
  actionpack (4.2.0) lib/action_dispatch/middleware/debug_exceptions.rb:21:in `call'
  web-console (2.3.0) lib/web_console/middleware.rb:28:in `block in call'
  web-console (2.3.0) lib/web_console/middleware.rb:18:in `catch'
  web-console (2.3.0) lib/web_console/middleware.rb:18:in `call'
  actionpack (4.2.0) lib/action_dispatch/middleware/show_exceptions.rb:30:in `call'
  railties (4.2.0) lib/rails/rack/logger.rb:38:in `call_app'
  railties (4.2.0) lib/rails/rack/logger.rb:20:in `block in call'
  activesupport (4.2.0) lib/active_support/tagged_logging.rb:68:in `block in tagged'
  activesupport (4.2.0) lib/active_support/tagged_logging.rb:26:in `tagged'
  activesupport (4.2.0) lib/active_support/tagged_logging.rb:68:in `tagged'
  railties (4.2.0) lib/rails/rack/logger.rb:20:in `call'
  actionpack (4.2.0) lib/action_dispatch/middleware/request_id.rb:21:in `call'
  rack (1.6.8) lib/rack/methodoverride.rb:22:in `call'
  rack (1.6.8) lib/rack/runtime.rb:18:in `call'
  activesupport (4.2.0) lib/active_support/cache/strategy/local_cache_middleware.rb:28:in `call'
  rack (1.6.8) lib/rack/lock.rb:17:in `call'
  actionpack (4.2.0) lib/action_dispatch/middleware/static.rb:113:in `call'
  rack (1.6.8) lib/rack/sendfile.rb:113:in `call'
  railties (4.2.0) lib/rails/engine.rb:518:in `call'
  railties (4.2.0) lib/rails/application.rb:164:in `call'
  rack (1.6.8) lib/rack/lock.rb:17:in `call'
  rack (1.6.8) lib/rack/content_length.rb:15:in `call'
  rack (1.6.8) lib/rack/handler/webrick.rb:88:in `service'
  /Users/santa/.rvm/rubies/ruby-2.3.3-Ruby/lib/ruby/2.3.0/webrick/httpserver.rb:140:in `service'
  /Users/santa/.rvm/rubies/ruby-2.3.3-Ruby/lib/ruby/2.3.0/webrick/httpserver.rb:96:in `run'
  /Users/santa/.rvm/rubies/ruby-2.3.3-Ruby/lib/ruby/2.3.0/webrick/server.rb:296:in `block in start_thread'


  Rendered /Users/santa/.rvm/gems/ruby-2.3.3-Ruby/gems/actionpack-4.2.0/lib/action_dispatch/middleware/templates/rescues/_trace.html.erb (1.1ms)
  Rendered /Users/santa/.rvm/gems/ruby-2.3.3-Ruby/gems/actionpack-4.2.0/lib/action_dispatch/middleware/templates/routes/_route.html.erb (0.5ms)
  Rendered /Users/santa/.rvm/gems/ruby-2.3.3-Ruby/gems/actionpack-4.2.0/lib/action_dispatch/middleware/templates/routes/_table.html.erb (1.9ms)
  Rendered /Users/santa/.rvm/gems/ruby-2.3.3-Ruby/gems/actionpack-4.2.0/lib/action_dispatch/middleware/templates/rescues/_request_and_response.html.erb (0.8ms)
  Rendered /Users/santa/.rvm/gems/ruby-2.3.3-Ruby/gems/actionpack-4.2.0/lib/action_dispatch/middleware/templates/rescues/routing_error.html.erb within rescues/layout (60.1ms)
  Rendered /Users/santa/.rvm/gems/ruby-2.3.3-Ruby/gems/web-console-2.3.0/lib/web_console/templates/_markup.html.erb (0.2ms)
  Rendered /Users/santa/.rvm/gems/ruby-2.3.3-Ruby/gems/web-console-2.3.0/lib/web_console/templates/_inner_console_markup.html.erb within layouts/inlined_string (0.3ms)
  Rendered /Users/santa/.rvm/gems/ruby-2.3.3-Ruby/gems/web-console-2.3.0/lib/web_console/templates/_prompt_box_markup.html.erb within layouts/inlined_string (0.2ms)
  Rendered /Users/santa/.rvm/gems/ruby-2.3.3-Ruby/gems/web-console-2.3.0/lib/web_console/templates/style.css.erb within layouts/inlined_string (0.2ms)
  Rendered /Users/santa/.rvm/gems/ruby-2.3.3-Ruby/gems/web-console-2.3.0/lib/web_console/templates/console.js.erb within layouts/javascript (41.5ms)
  Rendered /Users/santa/.rvm/gems/ruby-2.3.3-Ruby/gems/web-console-2.3.0/lib/web_console/templates/main.js.erb within layouts/javascript (0.2ms)
  Rendered /Users/santa/.rvm/gems/ruby-2.3.3-Ruby/gems/web-console-2.3.0/lib/web_console/templates/error_page.js.erb within layouts/javascript (0.3ms)
  Rendered /Users/santa/.rvm/gems/ruby-2.3.3-Ruby/gems/web-console-2.3.0/lib/web_console/templates/index.html.erb (88.2ms)


Started GET "/static_pages/home" for ::1 at 2017-09-29 21:27:40 +0200
Processing by StaticPagesController#home as HTML
  Rendered static_pages/home.html.haml within layouts/application (4.2ms)
Completed 200 OK in 422ms (Views: 421.5ms | ActiveRecord: 0.0ms)


Started GET "/assets/static_pages.self-e3b0c44298fc1c149afbf4c8996fb92427ae41e4649b934ca495991b7852b855.css?body=1" for ::1 at 2017-09-29 21:27:40 +0200


Started GET "/assets/jquery.self-bd7ddd393353a8d2480a622e80342adf488fb6006d667e8b42e4c0073393abee.js?body=1" for ::1 at 2017-09-29 21:27:40 +0200


Started GET "/assets/application.self-e80e8f2318043e8af94dddc2adad5a4f09739a8ebb323b3ab31cd71d45fd9113.css?body=1" for ::1 at 2017-09-29 21:27:40 +0200


Started GET "/assets/static_pages.self-877aef30ae1b040ab8a3aba4e3e309a11d7f2612f44dde450b5c157aa5f95c05.js?body=1" for ::1 at 2017-09-29 21:27:40 +0200


Started GET "/assets/jquery_ujs.self-784a997f6726036b1993eb2217c9cb558e1cbb801c6da88105588c56f13b466a.js?body=1" for ::1 at 2017-09-29 21:27:40 +0200


Started GET "/assets/turbolinks.self-1d1fddf91adc38ac2045c51f0a3e05ca97d07d24d15a4dcbf705009106489e69.js?body=1" for ::1 at 2017-09-29 21:27:40 +0200


Started GET "/assets/application.self-3a3c8b61bda630ee689740ce7cbd0dd8ea6fdd45e2c42eef4661ab38cf268afe.js?body=1" for ::1 at 2017-09-29 21:27:40 +0200


Started GET "/static_pages/help" for ::1 at 2017-09-29 21:27:44 +0200
Processing by StaticPagesController#help as HTML
  Rendered static_pages/help.html.haml within layouts/application (1.5ms)
Completed 200 OK in 13ms (Views: 12.5ms | ActiveRecord: 0.0ms)


Started GET "/static_pages/home" for ::1 at 2017-09-29 21:27:48 +0200
Processing by StaticPagesController#home as HTML
  Rendered static_pages/home.html.haml within layouts/application (0.1ms)
Completed 200 OK in 10ms (Views: 9.2ms | ActiveRecord: 0.0ms)


Started GET "/static_pages/home" for ::1 at 2017-09-29 21:45:54 +0200
Processing by StaticPagesController#home as HTML
  Rendered static_pages/home.html.haml within layouts/application (10.8ms)
Completed 200 OK in 23ms (Views: 22.3ms | ActiveRecord: 0.0ms)


Started GET "/static_pages/home" for ::1 at 2017-09-29 21:46:25 +0200
Processing by StaticPagesController#home as HTML
  Rendered static_pages/home.html.haml within layouts/application (2.2ms)
Completed 200 OK in 14ms (Views: 13.4ms | ActiveRecord: 0.0ms)


Started GET "/static_pages/home" for ::1 at 2017-09-29 21:46:49 +0200
Processing by StaticPagesController#home as HTML
  Rendered static_pages/home.html.haml within layouts/application (1.7ms)
Completed 500 Internal Server Error in 5ms

ActionView::Template::Error (Inconsistent indentation: 3 spaces used for indentation, but the rest of the document was indented using 2 spaces.):
    2: %p
    3:   This is the home page for the
    4:   %a{:href=> "http://www.railstutorial.org/"} Ruby on rails tutorial
    5:    sample application
  app/views/static_pages/home.html.haml:5


  Rendered /Users/santa/.rvm/gems/ruby-2.3.3-Ruby/gems/actionpack-4.2.0/lib/action_dispatch/middleware/templates/rescues/_source.erb (4.9ms)
  Rendered /Users/santa/.rvm/gems/ruby-2.3.3-Ruby/gems/actionpack-4.2.0/lib/action_dispatch/middleware/templates/rescues/_trace.html.erb (1.8ms)
  Rendered /Users/santa/.rvm/gems/ruby-2.3.3-Ruby/gems/actionpack-4.2.0/lib/action_dispatch/middleware/templates/rescues/_request_and_response.html.erb (0.9ms)
  Rendered /Users/santa/.rvm/gems/ruby-2.3.3-Ruby/gems/actionpack-4.2.0/lib/action_dispatch/middleware/templates/rescues/template_error.html.erb within rescues/layout (50.9ms)
  Rendered /Users/santa/.rvm/gems/ruby-2.3.3-Ruby/gems/web-console-2.3.0/lib/web_console/templates/_markup.html.erb (0.3ms)
  Rendered /Users/santa/.rvm/gems/ruby-2.3.3-Ruby/gems/web-console-2.3.0/lib/web_console/templates/_inner_console_markup.html.erb within layouts/inlined_string (0.2ms)
  Rendered /Users/santa/.rvm/gems/ruby-2.3.3-Ruby/gems/web-console-2.3.0/lib/web_console/templates/_prompt_box_markup.html.erb within layouts/inlined_string (0.1ms)
  Rendered /Users/santa/.rvm/gems/ruby-2.3.3-Ruby/gems/web-console-2.3.0/lib/web_console/templates/style.css.erb within layouts/inlined_string (0.2ms)
  Rendered /Users/santa/.rvm/gems/ruby-2.3.3-Ruby/gems/web-console-2.3.0/lib/web_console/templates/console.js.erb within layouts/javascript (36.9ms)
  Rendered /Users/santa/.rvm/gems/ruby-2.3.3-Ruby/gems/web-console-2.3.0/lib/web_console/templates/main.js.erb within layouts/javascript (0.2ms)
  Rendered /Users/santa/.rvm/gems/ruby-2.3.3-Ruby/gems/web-console-2.3.0/lib/web_console/templates/error_page.js.erb within layouts/javascript (0.2ms)
  Rendered /Users/santa/.rvm/gems/ruby-2.3.3-Ruby/gems/web-console-2.3.0/lib/web_console/templates/index.html.erb (81.1ms)


Started GET "/static_pages/home" for ::1 at 2017-09-29 21:46:59 +0200
Processing by StaticPagesController#home as HTML
  Rendered static_pages/home.html.haml within layouts/application (2.5ms)
Completed 200 OK in 16ms (Views: 16.1ms | ActiveRecord: 0.0ms)


Started GET "/static_pages/home" for ::1 at 2017-09-29 21:50:56 +0200
Processing by StaticPagesController#home as HTML
  Rendered static_pages/home.html.haml within layouts/application (3.8ms)
Completed 200 OK in 23ms (Views: 22.8ms | ActiveRecord: 0.0ms)


Started GET "/static_pages/help" for ::1 at 2017-09-29 21:50:59 +0200
Processing by StaticPagesController#help as HTML
  Rendered static_pages/help.html.haml within layouts/application (2.5ms)
Completed 200 OK in 22ms (Views: 21.4ms | ActiveRecord: 0.0ms)


Started GET "/static_pages/help" for ::1 at 2017-09-29 21:51:42 +0200
Processing by StaticPagesController#help as HTML
  Rendered static_pages/help.html.haml within layouts/application (2.4ms)
Completed 200 OK in 12ms (Views: 11.7ms | ActiveRecord: 0.0ms)


Started GET "/static_pages/help" for ::1 at 2017-09-29 21:52:26 +0200
Processing by StaticPagesController#help as HTML
  Rendered static_pages/help.html.haml within layouts/application (3.2ms)
Completed 200 OK in 16ms (Views: 15.2ms | ActiveRecord: 0.0ms)


Started GET "/static_pages/home" for ::1 at 2017-09-29 21:52:53 +0200
Processing by StaticPagesController#home as HTML
  Rendered static_pages/home.html.haml within layouts/application (0.1ms)
Completed 200 OK in 9ms (Views: 8.4ms | ActiveRecord: 0.0ms)
  [1m[36m (6.7ms)[0m  [1mCREATE TABLE "schema_migrations" ("version" varchar NOT NULL) [0m
  [1m[35m (0.1ms)[0m  select sqlite_version(*)
  [1m[36m (1.5ms)[0m  [1mCREATE UNIQUE INDEX "unique_schema_migrations" ON "schema_migrations" ("version")[0m
  [1m[35mActiveRecord::SchemaMigration Load (0.1ms)[0m  SELECT "schema_migrations".* FROM "schema_migrations"


Started GET "/static_pages/about" for ::1 at 2017-09-29 22:43:42 +0200
Processing by StaticPagesController#about as HTML
  Rendered static_pages/about.html.haml within layouts/application (3.2ms)
Completed 200 OK in 21ms (Views: 20.6ms | ActiveRecord: 0.0ms)


Started GET "/" for ::1 at 2017-10-01 12:45:15 +0200
Processing by StaticPagesController#home as HTML
  Rendered static_pages/home.html.haml within layouts/application (11.6ms)
Completed 200 OK in 218ms (Views: 211.0ms | ActiveRecord: 0.0ms)


Started GET "/home" for ::1 at 2017-10-01 12:45:19 +0200

ActionController::RoutingError (No route matches [GET] "/home"):
  actionpack (4.2.0) lib/action_dispatch/middleware/debug_exceptions.rb:21:in `call'
  actionpack (4.2.0) lib/action_dispatch/middleware/show_exceptions.rb:30:in `call'
  railties (4.2.0) lib/rails/rack/logger.rb:38:in `call_app'
  railties (4.2.0) lib/rails/rack/logger.rb:20:in `block in call'
  activesupport (4.2.0) lib/active_support/tagged_logging.rb:68:in `block in tagged'
  activesupport (4.2.0) lib/active_support/tagged_logging.rb:26:in `tagged'
  activesupport (4.2.0) lib/active_support/tagged_logging.rb:68:in `tagged'
  railties (4.2.0) lib/rails/rack/logger.rb:20:in `call'
  actionpack (4.2.0) lib/action_dispatch/middleware/request_id.rb:21:in `call'
  rack (1.6.8) lib/rack/methodoverride.rb:22:in `call'
  rack (1.6.8) lib/rack/runtime.rb:18:in `call'
  activesupport (4.2.0) lib/active_support/cache/strategy/local_cache_middleware.rb:28:in `call'
  rack (1.6.8) lib/rack/lock.rb:17:in `call'
  actionpack (4.2.0) lib/action_dispatch/middleware/static.rb:113:in `call'
  rack (1.6.8) lib/rack/sendfile.rb:113:in `call'
  railties (4.2.0) lib/rails/engine.rb:518:in `call'
  railties (4.2.0) lib/rails/application.rb:164:in `call'
  rack (1.6.8) lib/rack/lock.rb:17:in `call'
  rack (1.6.8) lib/rack/content_length.rb:15:in `call'
  rack (1.6.8) lib/rack/handler/webrick.rb:88:in `service'
  /Users/santa/.rvm/rubies/ruby-2.3.3-Ruby/lib/ruby/2.3.0/webrick/httpserver.rb:140:in `service'
  /Users/santa/.rvm/rubies/ruby-2.3.3-Ruby/lib/ruby/2.3.0/webrick/httpserver.rb:96:in `run'
  /Users/santa/.rvm/rubies/ruby-2.3.3-Ruby/lib/ruby/2.3.0/webrick/server.rb:296:in `block in start_thread'


  Rendered /Users/santa/.rvm/gems/ruby-2.3.3-Ruby/gems/actionpack-4.2.0/lib/action_dispatch/middleware/templates/rescues/_trace.html.erb (1.2ms)
  Rendered /Users/santa/.rvm/gems/ruby-2.3.3-Ruby/gems/actionpack-4.2.0/lib/action_dispatch/middleware/templates/routes/_route.html.erb (0.7ms)
  Rendered /Users/santa/.rvm/gems/ruby-2.3.3-Ruby/gems/actionpack-4.2.0/lib/action_dispatch/middleware/templates/routes/_table.html.erb (4.7ms)
  Rendered /Users/santa/.rvm/gems/ruby-2.3.3-Ruby/gems/actionpack-4.2.0/lib/action_dispatch/middleware/templates/rescues/_request_and_response.html.erb (1.1ms)
  Rendered /Users/santa/.rvm/gems/ruby-2.3.3-Ruby/gems/actionpack-4.2.0/lib/action_dispatch/middleware/templates/rescues/routing_error.html.erb within rescues/layout (71.8ms)


Started GET "/" for ::1 at 2017-10-01 12:45:24 +0200
Processing by StaticPagesController#home as HTML
  Rendered static_pages/home.html.haml within layouts/application (0.1ms)
Completed 200 OK in 13ms (Views: 13.0ms | ActiveRecord: 0.0ms)


Started GET "/static_pages/contact" for ::1 at 2017-10-01 13:07:49 +0200
Processing by StaticPagesController#contact as HTML
  Rendered static_pages/contact.html.haml within layouts/application (2.9ms)
Completed 200 OK in 32ms (Views: 31.6ms | ActiveRecord: 0.0ms)


Started GET "/static_pages/contact" for ::1 at 2017-10-01 13:34:17 +0200
Processing by StaticPagesController#contact as HTML
  Rendered static_pages/contact.html.haml within layouts/application (5.9ms)
Completed 200 OK in 203ms (Views: 195.2ms | ActiveRecord: 0.0ms)
